#
# A fatal error has been detected by the Java Runtime Environment:
#
#  EXCEPTION_ACCESS_VIOLATION (0xc0000005) at pc=0x00007ff8b82dee03, pid=9668, tid=2916
#
# JRE version: OpenJDK Runtime Environment (15.0.1+9) (build 15.0.1+9-18)
# Java VM: OpenJDK 64-Bit Server VM (15.0.1+9-18, mixed mode, tiered, compressed oops, g1 gc, windows-amd64)
# Problematic frame:
# V  [jvm.dll+0x2fee03]
#
# No core dump will be written. Minidumps are not enabled by default on client versions of Windows
#
# If you would like to submit a bug report, please visit:
#   https://bugreport.java.com/bugreport/crash.jsp
#

---------------  S U M M A R Y ------------

Command Line: -XX:+ShowCodeDetailsInExceptionMessages -agentlib:jdwp=transport=dt_socket,suspend=y,address=localhost:60118 -javaagent:C:\Users\lucas.almeida\Downloads\eclipse-jee-2020-12-R-win32-x86_64\eclipse\configuration\org.eclipse.osgi\405\0\.cp\lib\javaagent-shaded.jar -Dfile.encoding=Cp1252 curso_programacao_repeticao.ex1

Host: Intel(R) Core(TM) i7-8700 CPU @ 3.20GHz, 12 cores, 15G,  Windows 10 , 64 bit Build 19041 (10.0.19041.662)
Time: Thu Jan 21 10:13:05 2021 Hora oficial do Brasil elapsed time: 114.906184 seconds (0d 0h 1m 54s)

---------------  T H R E A D  ---------------

Current thread (0x0000017badd731b0):  JavaThread "JDWP Transport Listener: dt_socket" daemon [_thread_in_vm, id=2916, stack(0x0000007309200000,0x0000007309300000)] _threads_hazard_ptr=0x0000017badf9ee60

Stack: [0x0000007309200000,0x0000007309300000],  sp=0x00000073092febe0,  free space=1018k
Native frames: (J=compiled Java code, j=interpreted, Vv=VM code, C=native code)
V  [jvm.dll+0x2fee03]
V  [jvm.dll+0x302c42]
V  [jvm.dll+0x30305f]
V  [jvm.dll+0x2ff236]
V  [jvm.dll+0x619c80]
V  [jvm.dll+0x619963]
V  [jvm.dll+0x5df038]
V  [jvm.dll+0x7783ef]
V  [jvm.dll+0x4f04b1]
V  [jvm.dll+0x787e95]
V  [jvm.dll+0x4d4120]
V  [jvm.dll+0x4958fb]
C  [jdwp.dll+0x8221]


siginfo: EXCEPTION_ACCESS_VIOLATION (0xc0000005), reading address 0xffffffffffffffff


Register to memory mapping:

RIP=0x00007ff8b82dee03 jvm.dll
RAX=0x0000017bad99e4c0 points into unknown readable memory: 0x0000240820000001 | 01 00 00 20 08 24 00 00
RBX=0x00000073092fedb0 is pointing into the stack for thread: 0x0000017badd731b0
RCX=0x00000073092fee20 is pointing into the stack for thread: 0x0000017badd731b0
RDX=0xfffffffffffffff9 is an unknown value
RSP=0x00000073092febe0 is pointing into the stack for thread: 0x0000017badd731b0
RBP=0x00007ff8b82dede0 jvm.dll
RSI=0x0 is NULL
RDI=0x00000073092fedb0 is pointing into the stack for thread: 0x0000017badd731b0
R8 =0x03ffffffffffffff is an unknown value
R9 =0x0000000000000039 is an unknown value
R10=0x00007ff8b7fe0000 jvm.dll
R11=0x0000017bad99e4c0 points into unknown readable memory: 0x0000240820000001 | 01 00 00 20 08 24 00 00
R12=0x00000000000083b0 is an unknown value
R13=0x0000000000000001 is an unknown value
R14=0x000000000000002f is an unknown value
R15=0x0000017baea184e8 is pointing into metadata


Registers:
RAX=0x0000017bad99e4c0, RBX=0x00000073092fedb0, RCX=0x00000073092fee20, RDX=0xfffffffffffffff9
RSP=0x00000073092febe0, RBP=0x00007ff8b82dede0, RSI=0x0000000000000000, RDI=0x00000073092fedb0
R8 =0x03ffffffffffffff, R9 =0x0000000000000039, R10=0x00007ff8b7fe0000, R11=0x0000017bad99e4c0
R12=0x00000000000083b0, R13=0x0000000000000001, R14=0x000000000000002f, R15=0x0000017baea184e8
RIP=0x00007ff8b82dee03, EFLAGS=0x0000000000010a07

Top of Stack: (sp=0x00000073092febe0)
0x00000073092febe0:   0000000712dc9c10 0000000000000001
0x00000073092febf0:   0000000000000000 00007ff8b82f4644
0x00000073092fec00:   00000073092fec80 00007ff8b82e2c42
0x00000073092fec10:   00000073092fec80 0000017badcc9e40
0x00000073092fec20:   00000073092fec80 00007ff8b80e9cfe
0x00000073092fec30:   0000017baea18590 0000000000000008
0x00000073092fec40:   0000017baea1854f 00000000000000a4
0x00000073092fec50:   00000000000000a4 00007ff8b82e305f
0x00000073092fec60:   00000073092fedb0 00000073092fecb0
0x00000073092fec70:   000000000000002f 00000073092fecb0
0x00000073092fec80:   0000017baea18590 0000017badd731b0
0x00000073092fec90:   000000320000002f 000000a400000033
0x00000073092feca0:   0000003300000000 ffffffff000000a4
0x00000073092fecb0:   0000000000000000 00000000000003d8
0x00000073092fecc0:   00000000000083b0 0000017bad99e470
0x00000073092fecd0:   0000017badd731b0 00007ff8b82df236 

Instructions: (pc=0x00007ff8b82dee03)
0x00007ff8b82ded03:   f8 4c 63 fa 4c 8b f1 48 85 db 74 12 90 39 3b 0f
0x00007ff8b82ded13:   84 9b 00 00 00 48 8b 5b 10 48 85 db 75 ef 33 d2
0x00007ff8b82ded23:   8d 4a 18 e8 75 3a 38 00 48 8b d8 48 85 c0 74 79
0x00007ff8b82ded33:   33 d2 48 89 6c 24 48 49 8b 2e 48 89 74 24 50 89
0x00007ff8b82ded43:   38 8d 4a 20 e8 54 3a 38 00 33 ff 48 8b f0 48 85
0x00007ff8b82ded53:   c0 74 3f 8b 0d 6c dc 6f 00 8d 57 08 89 48 04 48
0x00007ff8b82ded63:   8b c8 89 38 c7 40 10 08 00 00 00 48 89 78 08 e8
0x00007ff8b82ded73:   e9 51 01 00 48 89 46 18 39 7e 04 7e 18 48 8b 46
0x00007ff8b82ded83:   18 33 d2 8b cf ff c7 48 89 14 c8 3b 7e 04 7c ed
0x00007ff8b82ded93:   eb 03 48 8b f7 48 89 73 08 48 8b 74 24 50 48 89
0x00007ff8b82deda3:   6b 10 48 8b 6c 24 48 eb 04 33 ff 8b df 49 89 1e
0x00007ff8b82dedb3:   48 8b 4b 08 48 8d 54 24 40 4c 89 7c 24 40 e8 7a
0x00007ff8b82dedc3:   45 da ff 48 8b 5c 24 58 48 83 c4 20 41 5f 41 5e
0x00007ff8b82dedd3:   5f c3 cc cc cc cc cc cc cc cc cc cc cc 40 53 48
0x00007ff8b82dede3:   83 ec 20 48 63 d2 48 8b d9 0f b6 c2 48 83 c1 70
0x00007ff8b82dedf3:   24 3f 4c 8b c2 44 0f b6 c8 49 c1 e8 06 48 8b 01
0x00007ff8b82dee03:   4e 8b 04 c0 4d 0f a3 c8 72 0b 41 b0 01 e8 bb 7a
0x00007ff8b82dee13:   df ff ff 43 6c 48 83 c4 20 5b c3 cc cc 8b c2 4c
0x00007ff8b82dee23:   8b d1 41 33 c0 a9 00 00 00 f0 0f 84 ca 00 00 00
0x00007ff8b82dee33:   44 8b ca 8b c2 41 c1 e9 1d b9 72 00 00 00 41 80
0x00007ff8b82dee43:   e1 01 c1 e8 1e 44 8d 59 ae a8 01 74 1a 45 84 c9
0x00007ff8b82dee53:   75 0d c1 ea 1c f6 c2 01 75 05 44 8b c9 eb 35 41
0x00007ff8b82dee63:   b9 23 00 00 00 eb 2d 45 84 c9 74 08 41 b9 76 00
0x00007ff8b82dee73:   00 00 eb 20 8b c2 c1 e8 1c a8 01 74 08 41 b9 70
0x00007ff8b82dee83:   00 00 00 eb 0f c1 ea 1f 41 b9 40 00 00 00 84 d2
0x00007ff8b82dee93:   45 0f 45 cb 41 8b d0 41 8b c0 c1 ea 1d 80 e2 01
0x00007ff8b82deea3:   c1 e8 1e a8 01 74 15 84 d2 75 0a 41 c1 e8 1c 41
0x00007ff8b82deeb3:   f6 c0 01 74 33 b9 23 00 00 00 eb 2c 84 d2 74 07
0x00007ff8b82deec3:   b9 76 00 00 00 eb 21 41 8b c0 c1 e8 1c a8 01 74
0x00007ff8b82deed3:   07 b9 70 00 00 00 eb 10 41 c1 e8 1f b9 40 00 00
0x00007ff8b82deee3:   00 45 84 c0 41 0f 45 cb 44 8b c1 48 8d 15 83 00
0x00007ff8b82deef3:   59 00 49 8b ca e9 b3 56 00 00 c3 cc cc 40 53 48 


Stack slot to memory mapping:
stack at sp + 0 slots: 0x0000000712dc9c10 is an oop: [Ljava.lang.Object; 
{0x0000000712dc9c10} - klass: 'java/lang/Object'[]
 - length: 1
stack at sp + 1 slots: 0x0000000000000001 is an unknown value
stack at sp + 2 slots: 0x0 is NULL
stack at sp + 3 slots: 0x00007ff8b82f4644 jvm.dll
stack at sp + 4 slots: 0x00000073092fec80 is pointing into the stack for thread: 0x0000017badd731b0
stack at sp + 5 slots: 0x00007ff8b82e2c42 jvm.dll
stack at sp + 6 slots: 0x00000073092fec80 is pointing into the stack for thread: 0x0000017badd731b0
stack at sp + 7 slots: 0x0000017badcc9e40 points into unknown readable memory: 0x0000000000000000 | 00 00 00 00 00 00 00 00


---------------  P R O C E S S  ---------------

Threads class SMR info:
_java_thread_list=0x0000017badf9ee60, length=14, elements={
0x0000017b8df118b0, 0x0000017bada1f140, 0x0000017bada1fc20, 0x0000017bada40330,
0x0000017bada42d00, 0x0000017bada436c0, 0x0000017bada46470, 0x0000017bada4c330,
0x0000017bada55c50, 0x0000017badc00890, 0x0000017badd731b0, 0x0000017badd75a90,
0x0000017badce8170, 0x0000017badf9fd70
}

Java Threads: ( => current thread )
  0x0000017b8df118b0 JavaThread "main" [_thread_blocked, id=15940, stack(0x0000007308100000,0x0000007308200000)]
  0x0000017bada1f140 JavaThread "Reference Handler" daemon [_thread_blocked, id=6064, stack(0x0000007308800000,0x0000007308900000)]
  0x0000017bada1fc20 JavaThread "Finalizer" daemon [_thread_blocked, id=10572, stack(0x0000007308900000,0x0000007308a00000)]
  0x0000017bada40330 JavaThread "Signal Dispatcher" daemon [_thread_blocked, id=13244, stack(0x0000007308a00000,0x0000007308b00000)]
  0x0000017bada42d00 JavaThread "Attach Listener" daemon [_thread_blocked, id=10856, stack(0x0000007308b00000,0x0000007308c00000)]
  0x0000017bada436c0 JavaThread "Service Thread" daemon [_thread_blocked, id=13932, stack(0x0000007308c00000,0x0000007308d00000)]
  0x0000017bada46470 JavaThread "C2 CompilerThread0" daemon [_thread_blocked, id=5052, stack(0x0000007308d00000,0x0000007308e00000)]
  0x0000017bada4c330 JavaThread "C1 CompilerThread0" daemon [_thread_blocked, id=4212, stack(0x0000007308e00000,0x0000007308f00000)]
  0x0000017bada55c50 JavaThread "Sweeper thread" daemon [_thread_blocked, id=10692, stack(0x0000007308f00000,0x0000007309000000)]
  0x0000017badc00890 JavaThread "Common-Cleaner" daemon [_thread_blocked, id=10936, stack(0x0000007309000000,0x0000007309100000)]
=>0x0000017badd731b0 JavaThread "JDWP Transport Listener: dt_socket" daemon [_thread_in_vm, id=2916, stack(0x0000007309200000,0x0000007309300000)]
  0x0000017badd75a90 JavaThread "JDWP Event Helper Thread" daemon [_thread_blocked, id=2228, stack(0x0000007309300000,0x0000007309400000)]
  0x0000017badce8170 JavaThread "JDWP Command Reader" daemon [_thread_in_native, id=7456, stack(0x0000007309400000,0x0000007309500000)]
  0x0000017badf9fd70 JavaThread "Notification Thread" daemon [_thread_blocked, id=8632, stack(0x0000007309100000,0x0000007309200000)]

Other Threads:
  0x0000017bad9e9790 VMThread "VM Thread" [stack: 0x0000007308700000,0x0000007308800000] [id=15144]
  0x0000017badfa0240 WatcherThread [stack: 0x0000007309500000,0x0000007309600000] [id=13036]
  0x0000017b8df63e00 GCTaskThread "GC Thread#0" [stack: 0x0000007308200000,0x0000007308300000] [id=4348]
  0x0000017b8df74dd0 ConcurrentGCThread "G1 Main Marker" [stack: 0x0000007308300000,0x0000007308400000] [id=7464]
  0x0000017b8df761e0 ConcurrentGCThread "G1 Conc#0" [stack: 0x0000007308400000,0x0000007308500000] [id=15900]
  0x0000017b8dfed3a0 ConcurrentGCThread "G1 Refine#0" [stack: 0x0000007308500000,0x0000007308600000] [id=4240]
  0x0000017b8dfeec00 ConcurrentGCThread "G1 Young RemSet Sampling" [stack: 0x0000007308600000,0x0000007308700000] [id=6556]

Threads with active compile tasks:

VM state: not at safepoint (normal execution)

VM Mutex/Monitor currently owned by a thread: None

Heap address: 0x0000000703000000, size: 4048 MB, Compressed Oops mode: Zero based, Oop shift amount: 3
CDS disabled.
Compressed class space mapped at: 0x0000000800000000-0x0000000840000000, size: 1073741824
Narrow klass base: 0x0000000800000000, Narrow klass shift: 0, Narrow klass range: 0x40000000

GC Precious Log:
 CPUs: 12 total, 12 available
 Memory: 16191M
 Large Page Support: Disabled
 NUMA Support: Disabled
 Compressed Oops: Enabled (Zero based)
 Heap Region Size: 2M
 Heap Min Capacity: 8M
 Heap Initial Capacity: 254M
 Heap Max Capacity: 4048M
 Pre-touch: Disabled
 Parallel Workers: 10
 Concurrent Workers: 3
 Concurrent Refinement Workers: 10
 Periodic GC: Disabled

Heap:
 garbage-first heap   total 260096K, used 6144K [0x0000000703000000, 0x0000000800000000)
  region size 2048K, 4 young (8192K), 0 survivors (0K)
 Metaspace       used 10178K, capacity 10312K, committed 10496K, reserved 1058816K
  class space    used 878K, capacity 919K, committed 1024K, reserved 1048576K

Heap Regions: E=young(eden), S=young(survivor), O=old, HS=humongous(starts), HC=humongous(continues), CS=collection set, F=free, OA=open archive, CA=closed archive, TAMS=top-at-mark-start (previous, next)
|   0|0x0000000703000000, 0x0000000703000000, 0x0000000703200000|  0%| F|  |TAMS 0x0000000703000000, 0x0000000703000000| Untracked 
|   1|0x0000000703200000, 0x0000000703200000, 0x0000000703400000|  0%| F|  |TAMS 0x0000000703200000, 0x0000000703200000| Untracked 
|   2|0x0000000703400000, 0x0000000703400000, 0x0000000703600000|  0%| F|  |TAMS 0x0000000703400000, 0x0000000703400000| Untracked 
|   3|0x0000000703600000, 0x0000000703600000, 0x0000000703800000|  0%| F|  |TAMS 0x0000000703600000, 0x0000000703600000| Untracked 
|   4|0x0000000703800000, 0x0000000703800000, 0x0000000703a00000|  0%| F|  |TAMS 0x0000000703800000, 0x0000000703800000| Untracked 
|   5|0x0000000703a00000, 0x0000000703a00000, 0x0000000703c00000|  0%| F|  |TAMS 0x0000000703a00000, 0x0000000703a00000| Untracked 
|   6|0x0000000703c00000, 0x0000000703c00000, 0x0000000703e00000|  0%| F|  |TAMS 0x0000000703c00000, 0x0000000703c00000| Untracked 
|   7|0x0000000703e00000, 0x0000000703e00000, 0x0000000704000000|  0%| F|  |TAMS 0x0000000703e00000, 0x0000000703e00000| Untracked 
|   8|0x0000000704000000, 0x0000000704000000, 0x0000000704200000|  0%| F|  |TAMS 0x0000000704000000, 0x0000000704000000| Untracked 
|   9|0x0000000704200000, 0x0000000704200000, 0x0000000704400000|  0%| F|  |TAMS 0x0000000704200000, 0x0000000704200000| Untracked 
|  10|0x0000000704400000, 0x0000000704400000, 0x0000000704600000|  0%| F|  |TAMS 0x0000000704400000, 0x0000000704400000| Untracked 
|  11|0x0000000704600000, 0x0000000704600000, 0x0000000704800000|  0%| F|  |TAMS 0x0000000704600000, 0x0000000704600000| Untracked 
|  12|0x0000000704800000, 0x0000000704800000, 0x0000000704a00000|  0%| F|  |TAMS 0x0000000704800000, 0x0000000704800000| Untracked 
|  13|0x0000000704a00000, 0x0000000704a00000, 0x0000000704c00000|  0%| F|  |TAMS 0x0000000704a00000, 0x0000000704a00000| Untracked 
|  14|0x0000000704c00000, 0x0000000704c00000, 0x0000000704e00000|  0%| F|  |TAMS 0x0000000704c00000, 0x0000000704c00000| Untracked 
|  15|0x0000000704e00000, 0x0000000704e00000, 0x0000000705000000|  0%| F|  |TAMS 0x0000000704e00000, 0x0000000704e00000| Untracked 
|  16|0x0000000705000000, 0x0000000705000000, 0x0000000705200000|  0%| F|  |TAMS 0x0000000705000000, 0x0000000705000000| Untracked 
|  17|0x0000000705200000, 0x0000000705200000, 0x0000000705400000|  0%| F|  |TAMS 0x0000000705200000, 0x0000000705200000| Untracked 
|  18|0x0000000705400000, 0x0000000705400000, 0x0000000705600000|  0%| F|  |TAMS 0x0000000705400000, 0x0000000705400000| Untracked 
|  19|0x0000000705600000, 0x0000000705600000, 0x0000000705800000|  0%| F|  |TAMS 0x0000000705600000, 0x0000000705600000| Untracked 
|  20|0x0000000705800000, 0x0000000705800000, 0x0000000705a00000|  0%| F|  |TAMS 0x0000000705800000, 0x0000000705800000| Untracked 
|  21|0x0000000705a00000, 0x0000000705a00000, 0x0000000705c00000|  0%| F|  |TAMS 0x0000000705a00000, 0x0000000705a00000| Untracked 
|  22|0x0000000705c00000, 0x0000000705c00000, 0x0000000705e00000|  0%| F|  |TAMS 0x0000000705c00000, 0x0000000705c00000| Untracked 
|  23|0x0000000705e00000, 0x0000000705e00000, 0x0000000706000000|  0%| F|  |TAMS 0x0000000705e00000, 0x0000000705e00000| Untracked 
|  24|0x0000000706000000, 0x0000000706000000, 0x0000000706200000|  0%| F|  |TAMS 0x0000000706000000, 0x0000000706000000| Untracked 
|  25|0x0000000706200000, 0x0000000706200000, 0x0000000706400000|  0%| F|  |TAMS 0x0000000706200000, 0x0000000706200000| Untracked 
|  26|0x0000000706400000, 0x0000000706400000, 0x0000000706600000|  0%| F|  |TAMS 0x0000000706400000, 0x0000000706400000| Untracked 
|  27|0x0000000706600000, 0x0000000706600000, 0x0000000706800000|  0%| F|  |TAMS 0x0000000706600000, 0x0000000706600000| Untracked 
|  28|0x0000000706800000, 0x0000000706800000, 0x0000000706a00000|  0%| F|  |TAMS 0x0000000706800000, 0x0000000706800000| Untracked 
|  29|0x0000000706a00000, 0x0000000706a00000, 0x0000000706c00000|  0%| F|  |TAMS 0x0000000706a00000, 0x0000000706a00000| Untracked 
|  30|0x0000000706c00000, 0x0000000706c00000, 0x0000000706e00000|  0%| F|  |TAMS 0x0000000706c00000, 0x0000000706c00000| Untracked 
|  31|0x0000000706e00000, 0x0000000706e00000, 0x0000000707000000|  0%| F|  |TAMS 0x0000000706e00000, 0x0000000706e00000| Untracked 
|  32|0x0000000707000000, 0x0000000707000000, 0x0000000707200000|  0%| F|  |TAMS 0x0000000707000000, 0x0000000707000000| Untracked 
|  33|0x0000000707200000, 0x0000000707200000, 0x0000000707400000|  0%| F|  |TAMS 0x0000000707200000, 0x0000000707200000| Untracked 
|  34|0x0000000707400000, 0x0000000707400000, 0x0000000707600000|  0%| F|  |TAMS 0x0000000707400000, 0x0000000707400000| Untracked 
|  35|0x0000000707600000, 0x0000000707600000, 0x0000000707800000|  0%| F|  |TAMS 0x0000000707600000, 0x0000000707600000| Untracked 
|  36|0x0000000707800000, 0x0000000707800000, 0x0000000707a00000|  0%| F|  |TAMS 0x0000000707800000, 0x0000000707800000| Untracked 
|  37|0x0000000707a00000, 0x0000000707a00000, 0x0000000707c00000|  0%| F|  |TAMS 0x0000000707a00000, 0x0000000707a00000| Untracked 
|  38|0x0000000707c00000, 0x0000000707c00000, 0x0000000707e00000|  0%| F|  |TAMS 0x0000000707c00000, 0x0000000707c00000| Untracked 
|  39|0x0000000707e00000, 0x0000000707e00000, 0x0000000708000000|  0%| F|  |TAMS 0x0000000707e00000, 0x0000000707e00000| Untracked 
|  40|0x0000000708000000, 0x0000000708000000, 0x0000000708200000|  0%| F|  |TAMS 0x0000000708000000, 0x0000000708000000| Untracked 
|  41|0x0000000708200000, 0x0000000708200000, 0x0000000708400000|  0%| F|  |TAMS 0x0000000708200000, 0x0000000708200000| Untracked 
|  42|0x0000000708400000, 0x0000000708400000, 0x0000000708600000|  0%| F|  |TAMS 0x0000000708400000, 0x0000000708400000| Untracked 
|  43|0x0000000708600000, 0x0000000708600000, 0x0000000708800000|  0%| F|  |TAMS 0x0000000708600000, 0x0000000708600000| Untracked 
|  44|0x0000000708800000, 0x0000000708800000, 0x0000000708a00000|  0%| F|  |TAMS 0x0000000708800000, 0x0000000708800000| Untracked 
|  45|0x0000000708a00000, 0x0000000708a00000, 0x0000000708c00000|  0%| F|  |TAMS 0x0000000708a00000, 0x0000000708a00000| Untracked 
|  46|0x0000000708c00000, 0x0000000708c00000, 0x0000000708e00000|  0%| F|  |TAMS 0x0000000708c00000, 0x0000000708c00000| Untracked 
|  47|0x0000000708e00000, 0x0000000708e00000, 0x0000000709000000|  0%| F|  |TAMS 0x0000000708e00000, 0x0000000708e00000| Untracked 
|  48|0x0000000709000000, 0x0000000709000000, 0x0000000709200000|  0%| F|  |TAMS 0x0000000709000000, 0x0000000709000000| Untracked 
|  49|0x0000000709200000, 0x0000000709200000, 0x0000000709400000|  0%| F|  |TAMS 0x0000000709200000, 0x0000000709200000| Untracked 
|  50|0x0000000709400000, 0x0000000709400000, 0x0000000709600000|  0%| F|  |TAMS 0x0000000709400000, 0x0000000709400000| Untracked 
|  51|0x0000000709600000, 0x0000000709600000, 0x0000000709800000|  0%| F|  |TAMS 0x0000000709600000, 0x0000000709600000| Untracked 
|  52|0x0000000709800000, 0x0000000709800000, 0x0000000709a00000|  0%| F|  |TAMS 0x0000000709800000, 0x0000000709800000| Untracked 
|  53|0x0000000709a00000, 0x0000000709a00000, 0x0000000709c00000|  0%| F|  |TAMS 0x0000000709a00000, 0x0000000709a00000| Untracked 
|  54|0x0000000709c00000, 0x0000000709c00000, 0x0000000709e00000|  0%| F|  |TAMS 0x0000000709c00000, 0x0000000709c00000| Untracked 
|  55|0x0000000709e00000, 0x0000000709e00000, 0x000000070a000000|  0%| F|  |TAMS 0x0000000709e00000, 0x0000000709e00000| Untracked 
|  56|0x000000070a000000, 0x000000070a000000, 0x000000070a200000|  0%| F|  |TAMS 0x000000070a000000, 0x000000070a000000| Untracked 
|  57|0x000000070a200000, 0x000000070a200000, 0x000000070a400000|  0%| F|  |TAMS 0x000000070a200000, 0x000000070a200000| Untracked 
|  58|0x000000070a400000, 0x000000070a400000, 0x000000070a600000|  0%| F|  |TAMS 0x000000070a400000, 0x000000070a400000| Untracked 
|  59|0x000000070a600000, 0x000000070a600000, 0x000000070a800000|  0%| F|  |TAMS 0x000000070a600000, 0x000000070a600000| Untracked 
|  60|0x000000070a800000, 0x000000070a800000, 0x000000070aa00000|  0%| F|  |TAMS 0x000000070a800000, 0x000000070a800000| Untracked 
|  61|0x000000070aa00000, 0x000000070aa00000, 0x000000070ac00000|  0%| F|  |TAMS 0x000000070aa00000, 0x000000070aa00000| Untracked 
|  62|0x000000070ac00000, 0x000000070ac00000, 0x000000070ae00000|  0%| F|  |TAMS 0x000000070ac00000, 0x000000070ac00000| Untracked 
|  63|0x000000070ae00000, 0x000000070ae00000, 0x000000070b000000|  0%| F|  |TAMS 0x000000070ae00000, 0x000000070ae00000| Untracked 
|  64|0x000000070b000000, 0x000000070b000000, 0x000000070b200000|  0%| F|  |TAMS 0x000000070b000000, 0x000000070b000000| Untracked 
|  65|0x000000070b200000, 0x000000070b200000, 0x000000070b400000|  0%| F|  |TAMS 0x000000070b200000, 0x000000070b200000| Untracked 
|  66|0x000000070b400000, 0x000000070b400000, 0x000000070b600000|  0%| F|  |TAMS 0x000000070b400000, 0x000000070b400000| Untracked 
|  67|0x000000070b600000, 0x000000070b600000, 0x000000070b800000|  0%| F|  |TAMS 0x000000070b600000, 0x000000070b600000| Untracked 
|  68|0x000000070b800000, 0x000000070b800000, 0x000000070ba00000|  0%| F|  |TAMS 0x000000070b800000, 0x000000070b800000| Untracked 
|  69|0x000000070ba00000, 0x000000070ba00000, 0x000000070bc00000|  0%| F|  |TAMS 0x000000070ba00000, 0x000000070ba00000| Untracked 
|  70|0x000000070bc00000, 0x000000070bc00000, 0x000000070be00000|  0%| F|  |TAMS 0x000000070bc00000, 0x000000070bc00000| Untracked 
|  71|0x000000070be00000, 0x000000070be00000, 0x000000070c000000|  0%| F|  |TAMS 0x000000070be00000, 0x000000070be00000| Untracked 
|  72|0x000000070c000000, 0x000000070c000000, 0x000000070c200000|  0%| F|  |TAMS 0x000000070c000000, 0x000000070c000000| Untracked 
|  73|0x000000070c200000, 0x000000070c200000, 0x000000070c400000|  0%| F|  |TAMS 0x000000070c200000, 0x000000070c200000| Untracked 
|  74|0x000000070c400000, 0x000000070c400000, 0x000000070c600000|  0%| F|  |TAMS 0x000000070c400000, 0x000000070c400000| Untracked 
|  75|0x000000070c600000, 0x000000070c600000, 0x000000070c800000|  0%| F|  |TAMS 0x000000070c600000, 0x000000070c600000| Untracked 
|  76|0x000000070c800000, 0x000000070c800000, 0x000000070ca00000|  0%| F|  |TAMS 0x000000070c800000, 0x000000070c800000| Untracked 
|  77|0x000000070ca00000, 0x000000070ca00000, 0x000000070cc00000|  0%| F|  |TAMS 0x000000070ca00000, 0x000000070ca00000| Untracked 
|  78|0x000000070cc00000, 0x000000070cc00000, 0x000000070ce00000|  0%| F|  |TAMS 0x000000070cc00000, 0x000000070cc00000| Untracked 
|  79|0x000000070ce00000, 0x000000070ce00000, 0x000000070d000000|  0%| F|  |TAMS 0x000000070ce00000, 0x000000070ce00000| Untracked 
|  80|0x000000070d000000, 0x000000070d000000, 0x000000070d200000|  0%| F|  |TAMS 0x000000070d000000, 0x000000070d000000| Untracked 
|  81|0x000000070d200000, 0x000000070d200000, 0x000000070d400000|  0%| F|  |TAMS 0x000000070d200000, 0x000000070d200000| Untracked 
|  82|0x000000070d400000, 0x000000070d400000, 0x000000070d600000|  0%| F|  |TAMS 0x000000070d400000, 0x000000070d400000| Untracked 
|  83|0x000000070d600000, 0x000000070d600000, 0x000000070d800000|  0%| F|  |TAMS 0x000000070d600000, 0x000000070d600000| Untracked 
|  84|0x000000070d800000, 0x000000070d800000, 0x000000070da00000|  0%| F|  |TAMS 0x000000070d800000, 0x000000070d800000| Untracked 
|  85|0x000000070da00000, 0x000000070da00000, 0x000000070dc00000|  0%| F|  |TAMS 0x000000070da00000, 0x000000070da00000| Untracked 
|  86|0x000000070dc00000, 0x000000070dc00000, 0x000000070de00000|  0%| F|  |TAMS 0x000000070dc00000, 0x000000070dc00000| Untracked 
|  87|0x000000070de00000, 0x000000070de00000, 0x000000070e000000|  0%| F|  |TAMS 0x000000070de00000, 0x000000070de00000| Untracked 
|  88|0x000000070e000000, 0x000000070e000000, 0x000000070e200000|  0%| F|  |TAMS 0x000000070e000000, 0x000000070e000000| Untracked 
|  89|0x000000070e200000, 0x000000070e200000, 0x000000070e400000|  0%| F|  |TAMS 0x000000070e200000, 0x000000070e200000| Untracked 
|  90|0x000000070e400000, 0x000000070e400000, 0x000000070e600000|  0%| F|  |TAMS 0x000000070e400000, 0x000000070e400000| Untracked 
|  91|0x000000070e600000, 0x000000070e600000, 0x000000070e800000|  0%| F|  |TAMS 0x000000070e600000, 0x000000070e600000| Untracked 
|  92|0x000000070e800000, 0x000000070e800000, 0x000000070ea00000|  0%| F|  |TAMS 0x000000070e800000, 0x000000070e800000| Untracked 
|  93|0x000000070ea00000, 0x000000070ea00000, 0x000000070ec00000|  0%| F|  |TAMS 0x000000070ea00000, 0x000000070ea00000| Untracked 
|  94|0x000000070ec00000, 0x000000070ec00000, 0x000000070ee00000|  0%| F|  |TAMS 0x000000070ec00000, 0x000000070ec00000| Untracked 
|  95|0x000000070ee00000, 0x000000070ee00000, 0x000000070f000000|  0%| F|  |TAMS 0x000000070ee00000, 0x000000070ee00000| Untracked 
|  96|0x000000070f000000, 0x000000070f000000, 0x000000070f200000|  0%| F|  |TAMS 0x000000070f000000, 0x000000070f000000| Untracked 
|  97|0x000000070f200000, 0x000000070f200000, 0x000000070f400000|  0%| F|  |TAMS 0x000000070f200000, 0x000000070f200000| Untracked 
|  98|0x000000070f400000, 0x000000070f400000, 0x000000070f600000|  0%| F|  |TAMS 0x000000070f400000, 0x000000070f400000| Untracked 
|  99|0x000000070f600000, 0x000000070f600000, 0x000000070f800000|  0%| F|  |TAMS 0x000000070f600000, 0x000000070f600000| Untracked 
| 100|0x000000070f800000, 0x000000070f800000, 0x000000070fa00000|  0%| F|  |TAMS 0x000000070f800000, 0x000000070f800000| Untracked 
| 101|0x000000070fa00000, 0x000000070fa00000, 0x000000070fc00000|  0%| F|  |TAMS 0x000000070fa00000, 0x000000070fa00000| Untracked 
| 102|0x000000070fc00000, 0x000000070fc00000, 0x000000070fe00000|  0%| F|  |TAMS 0x000000070fc00000, 0x000000070fc00000| Untracked 
| 103|0x000000070fe00000, 0x000000070fe00000, 0x0000000710000000|  0%| F|  |TAMS 0x000000070fe00000, 0x000000070fe00000| Untracked 
| 104|0x0000000710000000, 0x0000000710000000, 0x0000000710200000|  0%| F|  |TAMS 0x0000000710000000, 0x0000000710000000| Untracked 
| 105|0x0000000710200000, 0x0000000710200000, 0x0000000710400000|  0%| F|  |TAMS 0x0000000710200000, 0x0000000710200000| Untracked 
| 106|0x0000000710400000, 0x0000000710400000, 0x0000000710600000|  0%| F|  |TAMS 0x0000000710400000, 0x0000000710400000| Untracked 
| 107|0x0000000710600000, 0x0000000710600000, 0x0000000710800000|  0%| F|  |TAMS 0x0000000710600000, 0x0000000710600000| Untracked 
| 108|0x0000000710800000, 0x0000000710800000, 0x0000000710a00000|  0%| F|  |TAMS 0x0000000710800000, 0x0000000710800000| Untracked 
| 109|0x0000000710a00000, 0x0000000710a00000, 0x0000000710c00000|  0%| F|  |TAMS 0x0000000710a00000, 0x0000000710a00000| Untracked 
| 110|0x0000000710c00000, 0x0000000710c00000, 0x0000000710e00000|  0%| F|  |TAMS 0x0000000710c00000, 0x0000000710c00000| Untracked 
| 111|0x0000000710e00000, 0x0000000710e00000, 0x0000000711000000|  0%| F|  |TAMS 0x0000000710e00000, 0x0000000710e00000| Untracked 
| 112|0x0000000711000000, 0x0000000711000000, 0x0000000711200000|  0%| F|  |TAMS 0x0000000711000000, 0x0000000711000000| Untracked 
| 113|0x0000000711200000, 0x0000000711200000, 0x0000000711400000|  0%| F|  |TAMS 0x0000000711200000, 0x0000000711200000| Untracked 
| 114|0x0000000711400000, 0x0000000711400000, 0x0000000711600000|  0%| F|  |TAMS 0x0000000711400000, 0x0000000711400000| Untracked 
| 115|0x0000000711600000, 0x0000000711600000, 0x0000000711800000|  0%| F|  |TAMS 0x0000000711600000, 0x0000000711600000| Untracked 
| 116|0x0000000711800000, 0x0000000711800000, 0x0000000711a00000|  0%| F|  |TAMS 0x0000000711800000, 0x0000000711800000| Untracked 
| 117|0x0000000711a00000, 0x0000000711a00000, 0x0000000711c00000|  0%| F|  |TAMS 0x0000000711a00000, 0x0000000711a00000| Untracked 
| 118|0x0000000711c00000, 0x0000000711c00000, 0x0000000711e00000|  0%| F|  |TAMS 0x0000000711c00000, 0x0000000711c00000| Untracked 
| 119|0x0000000711e00000, 0x0000000711e00000, 0x0000000712000000|  0%| F|  |TAMS 0x0000000711e00000, 0x0000000711e00000| Untracked 
| 120|0x0000000712000000, 0x0000000712000000, 0x0000000712200000|  0%| F|  |TAMS 0x0000000712000000, 0x0000000712000000| Untracked 
| 121|0x0000000712200000, 0x0000000712200000, 0x0000000712400000|  0%| F|  |TAMS 0x0000000712200000, 0x0000000712200000| Untracked 
| 122|0x0000000712400000, 0x0000000712400000, 0x0000000712600000|  0%| F|  |TAMS 0x0000000712400000, 0x0000000712400000| Untracked 
| 123|0x0000000712600000, 0x00000007126e4ac8, 0x0000000712800000| 44%| E|  |TAMS 0x0000000712600000, 0x0000000712600000| Complete 
| 124|0x0000000712800000, 0x0000000712a00000, 0x0000000712a00000|100%| E|CS|TAMS 0x0000000712800000, 0x0000000712800000| Complete 
| 125|0x0000000712a00000, 0x0000000712c00000, 0x0000000712c00000|100%| E|CS|TAMS 0x0000000712a00000, 0x0000000712a00000| Complete 
| 126|0x0000000712c00000, 0x0000000712e00000, 0x0000000712e00000|100%| E|CS|TAMS 0x0000000712c00000, 0x0000000712c00000| Complete 

Card table byte_map: [0x0000017ba1670000,0x0000017ba1e60000] _byte_map_base: 0x0000017b9de58000

Marking Bits (Prev, Next): (CMBitMap*) 0x0000017b8df64670, (CMBitMap*) 0x0000017b8df646b0
 Prev Bits: [0x0000017ba2650000, 0x0000017ba6590000)
 Next Bits: [0x0000017ba6590000, 0x0000017baa4d0000)

Polling page: 0x0000017b8beb0000

Metaspace:

Usage:
  Non-class:      9.17 MB capacity,     9.08 MB (>99%) used,    87.50 KB ( <1%) free+waste,     6.38 KB ( <1%) overhead. 
      Class:    919.00 KB capacity,   878.92 KB ( 96%) used,    38.14 KB (  4%) free+waste,     1.94 KB ( <1%) overhead. 
       Both:     10.07 MB capacity,     9.94 MB ( 99%) used,   125.64 KB (  1%) free+waste,     8.31 KB ( <1%) overhead. 

Virtual space:
  Non-class space:       10.00 MB reserved,       9.25 MB ( 92%) committed 
      Class space:        1.00 GB reserved,       1.00 MB ( <1%) committed 
             Both:        1.01 GB reserved,      10.25 MB ( <1%) committed 

Chunk freelists:
   Non-Class:  15.00 KB
       Class:  9.00 KB
        Both:  24.00 KB

MaxMetaspaceSize: 17179869184.00 GB
CompressedClassSpaceSize: 1.00 GB

CodeHeap 'non-profiled nmethods': size=120000Kb used=151Kb max_used=151Kb free=119849Kb
 bounds [0x0000017b99400000, 0x0000017b99670000, 0x0000017ba0930000]
CodeHeap 'profiled nmethods': size=120000Kb used=638Kb max_used=638Kb free=119361Kb
 bounds [0x0000017b91ed0000, 0x0000017b92140000, 0x0000017b99400000]
CodeHeap 'non-nmethods': size=5760Kb used=1232Kb max_used=1247Kb free=4527Kb
 bounds [0x0000017b91930000, 0x0000017b91ba0000, 0x0000017b91ed0000]
 total_blobs=880 nmethods=482 adapters=311
 compilation: enabled
              stopped_count=0, restarted_count=0
 full_count=0

Compilation events (20 events):
Event: 0.406 Thread 0x0000017bada4c330  472       3       java.util.regex.Pattern::has (15 bytes)
Event: 0.406 Thread 0x0000017bada4c330 nmethod 472 0x0000017b91f6c510 code [0x0000017b91f6c6a0, 0x0000017b91f6c7f8]
Event: 0.406 Thread 0x0000017bada4c330  471   !   3       java.lang.invoke.MemberName::getMethodType (203 bytes)
Event: 0.406 Thread 0x0000017bada46470  474       4       java.lang.AbstractStringBuilder::ensureCapacityInternal (39 bytes)
Event: 0.407 Thread 0x0000017bada4c330 nmethod 471 0x0000017b91f6c890 code [0x0000017b91f6cb80, 0x0000017b91f6e198]
Event: 0.407 Thread 0x0000017bada4c330  479       3       java.util.regex.Pattern::peek (26 bytes)
Event: 0.407 Thread 0x0000017bada4c330 nmethod 479 0x0000017b91f6e810 code [0x0000017b91f6e9c0, 0x0000017b91f6ec48]
Event: 0.407 Thread 0x0000017bada4c330  480       3       java.util.regex.Pattern::next (33 bytes)
Event: 0.407 Thread 0x0000017bada4c330 nmethod 480 0x0000017b91f6ed90 code [0x0000017b91f6ef40, 0x0000017b91f6f1c8]
Event: 0.407 Thread 0x0000017bada4c330  476       1       java.lang.invoke.MethodTypeForm::parameterSlotCount (5 bytes)
Event: 0.407 Thread 0x0000017bada4c330 nmethod 476 0x0000017b99424e90 code [0x0000017b99425020, 0x0000017b994250d8]
Event: 0.407 Thread 0x0000017bada4c330  481       3       java.util.regex.ASCII::isAscii (13 bytes)
Event: 0.407 Thread 0x0000017bada4c330 nmethod 481 0x0000017b91f6f310 code [0x0000017b91f6f4a0, 0x0000017b91f6f5d8]
Event: 0.407 Thread 0x0000017bada4c330  475       3       jdk.internal.org.objectweb.asm.Handler::getExceptionTableLength (21 bytes)
Event: 0.407 Thread 0x0000017bada4c330 nmethod 475 0x0000017b91f6f690 code [0x0000017b91f6f820, 0x0000017b91f6f9b8]
Event: 0.408 Thread 0x0000017bada46470 nmethod 474 0x0000017b99425190 code [0x0000017b99425320, 0x0000017b99425738]
Event: 5.666 Thread 0x0000017bada4c330  482       1       java.nio.Buffer::position (5 bytes)
Event: 5.666 Thread 0x0000017bada4c330 nmethod 482 0x0000017b99425910 code [0x0000017b99425aa0, 0x0000017b99425b58]
Event: 60.072 Thread 0x0000017bada4c330  483       3       org.eclipse.jdt.launching.internal.org.objectweb.asm.ClassReader::readUTF8 (23 bytes)
Event: 60.074 Thread 0x0000017bada4c330 


GC Heap History (0 events):
No events

Deoptimization events (20 events):
Event: 0.367 Thread 0x0000017b8df118b0 DEOPT PACKING pc=0x0000017b91f403ed sp=0x00000073081fbb90
Event: 0.367 Thread 0x0000017b8df118b0 DEOPT UNPACKING pc=0x0000017b9197e23f sp=0x00000073081fb058 mode 0
Event: 0.367 Thread 0x0000017b8df118b0 DEOPT PACKING pc=0x0000017b91f403ed sp=0x00000073081fbb90
Event: 0.367 Thread 0x0000017b8df118b0 DEOPT UNPACKING pc=0x0000017b9197e23f sp=0x00000073081fb058 mode 0
Event: 0.367 Thread 0x0000017b8df118b0 DEOPT PACKING pc=0x0000017b91f403ed sp=0x00000073081fbb90
Event: 0.367 Thread 0x0000017b8df118b0 DEOPT UNPACKING pc=0x0000017b9197e23f sp=0x00000073081fb058 mode 0
Event: 0.368 Thread 0x0000017b8df118b0 DEOPT PACKING pc=0x0000017b91f403ed sp=0x00000073081f8030
Event: 0.368 Thread 0x0000017b8df118b0 DEOPT UNPACKING pc=0x0000017b9197e23f sp=0x00000073081f74f8 mode 0
Event: 0.398 Thread 0x0000017b8df118b0 Uncommon trap: trap_request=0xffffff45 fr.pc=0x0000017b994095ec relative=0x000000000000024c
Event: 0.398 Thread 0x0000017b8df118b0 Uncommon trap: reason=unstable_if action=reinterpret pc=0x0000017b994095ec method=java.lang.String.isLatin1()Z @ 10 c2
Event: 0.398 Thread 0x0000017b8df118b0 DEOPT PACKING pc=0x0000017b994095ec sp=0x00000073081fca30
Event: 0.398 Thread 0x0000017b8df118b0 DEOPT UNPACKING pc=0x0000017b9197e42f sp=0x00000073081fc968 mode 2
Event: 0.398 Thread 0x0000017b8df118b0 Uncommon trap: trap_request=0xffffff45 fr.pc=0x0000017b99409f5c relative=0x000000000000005c
Event: 0.398 Thread 0x0000017b8df118b0 Uncommon trap: reason=unstable_if action=reinterpret pc=0x0000017b99409f5c method=java.lang.String.isLatin1()Z @ 10 c2
Event: 0.398 Thread 0x0000017b8df118b0 DEOPT PACKING pc=0x0000017b99409f5c sp=0x00000073081fc9c0
Event: 0.398 Thread 0x0000017b8df118b0 DEOPT UNPACKING pc=0x0000017b9197e42f sp=0x00000073081fc960 mode 2
Event: 0.403 Thread 0x0000017b8df118b0 Uncommon trap: trap_request=0xffffff45 fr.pc=0x0000017b99412ac4 relative=0x0000000000000044
Event: 0.403 Thread 0x0000017b8df118b0 Uncommon trap: reason=unstable_if action=reinterpret pc=0x0000017b99412ac4 method=java.lang.CharacterData.of(I)Ljava/lang/CharacterData; @ 4 c2
Event: 0.403 Thread 0x0000017b8df118b0 DEOPT PACKING pc=0x0000017b99412ac4 sp=0x00000073081fe980
Event: 0.403 Thread 0x0000017b8df118b0 DEOPT UNPACKING pc=0x0000017b9197e42f sp=0x00000073081fe920 mode 2

Classes unloaded (0 events):
No events

Classes redefined (2 events):
Event: 60.072 Thread 0x0000017bad9e9790 redefined class name=curso_programacao_repeticao.ex1, count=1
Event: 86.095 Thread 0x0000017bad9e9790 redefined class name=curso_programacao_repeticao.ex1, count=2

Internal exceptions (3 events):
Event: 0.291 Thread 0x0000017b8df118b0 Exception <a 'java/lang/NoSuchMethodError'{0x0000000712a48340}: 'void java.lang.invoke.DirectMethodHandle$Holder.invokeStatic(java.lang.Object, java.lang.Object)'> (0x0000000712a48340) 
thrown [./open/src/hotspot/share/interpreter/linkResolver.cpp, line 782]
Event: 0.291 Thread 0x0000017b8df118b0 Exception <a 'java/lang/NoSuchMethodError'{0x0000000712a4bfe8}: 'void java.lang.invoke.DirectMethodHandle$Holder.invokeStaticInit(java.lang.Object, java.lang.Object)'> (0x0000000712a4bfe8) 
thrown [./open/src/hotspot/share/interpreter/linkResolver.cpp, line 782]
Event: 0.348 Thread 0x0000017b8df118b0 Exception <a 'java/lang/NoSuchMethodError'{0x000000071282e650}: 'java.lang.Object java.lang.invoke.DirectMethodHandle$Holder.invokeStatic(java.lang.Object)'> (0x000000071282e650) 
thrown [./open/src/hotspot/share/interpreter/linkResolver.cpp, line 782]

Events (20 events):
Event: 69.453 Executing VM operation: get/set locals
Event: 69.453 Executing VM operation: get/set locals done
Event: 69.454 Executing VM operation: get/set locals
Event: 69.454 Executing VM operation: get/set locals done
Event: 69.455 Executing VM operation: get/set locals
Event: 69.455 Executing VM operation: get/set locals done
Event: 69.455 Executing VM operation: get/set locals
Event: 69.455 Executing VM operation: get/set locals done
Event: 86.094 Executing VM operation: RedefineClasses
Event: 86.096 Executing VM operation: RedefineClasses done
Event: 86.101 Executing VM operation: ChangeBreakpoints
Event: 86.102 Executing VM operation: ChangeBreakpoints done
Event: 86.102 Executing VM operation: ChangeBreakpoints
Event: 86.102 Executing VM operation: ChangeBreakpoints done
Event: 86.105 Executing VM operation: GetFrameCount
Event: 86.105 Executing VM operation: GetFrameCount done
Event: 86.105 Executing VM operation: GetStackTrace
Event: 86.106 Executing VM operation: GetStackTrace done
Event: 86.112 Executing VM operation: GetFrameCount
Event: 86.112 Executing VM operation: GetFrameCount done


Dynamic libraries:
0x00007ff711800000 - 0x00007ff71180d000 	C:\Users\lucas.almeida\Downloads\eclipse-jee-2020-12-R-win32-x86_64\eclipse\plugins\org.eclipse.justj.openjdk.hotspot.jre.full.win32.x86_64_15.0.1.v20201027-0507\jre\bin\javaw.exe
0x00007ff912d30000 - 0x00007ff912f26000 	C:\Windows\SYSTEM32\ntdll.dll
0x00007ff912540000 - 0x00007ff9125fd000 	C:\Windows\System32\KERNEL32.DLL
0x00007ff910ac0000 - 0x00007ff910d89000 	C:\Windows\System32\KERNELBASE.dll
0x00007ff9106c0000 - 0x00007ff9107c0000 	C:\Windows\System32\ucrtbase.dll
0x00007ff900b10000 - 0x00007ff900b28000 	C:\Users\lucas.almeida\Downloads\eclipse-jee-2020-12-R-win32-x86_64\eclipse\plugins\org.eclipse.justj.openjdk.hotspot.jre.full.win32.x86_64_15.0.1.v20201027-0507\jre\bin\jli.dll
0x00007ff912ae0000 - 0x00007ff912c80000 	C:\Windows\System32\USER32.dll
0x00007ff9107c0000 - 0x00007ff9107e2000 	C:\Windows\System32\win32u.dll
0x00007ff9112e0000 - 0x00007ff91130a000 	C:\Windows\System32\GDI32.dll
0x00007ff9108a0000 - 0x00007ff9109a9000 	C:\Windows\System32\gdi32full.dll
0x00007ff910470000 - 0x00007ff91050d000 	C:\Windows\System32\msvcp_win.dll
0x00007ff8f8ca0000 - 0x00007ff8f8cb9000 	C:\Users\lucas.almeida\Downloads\eclipse-jee-2020-12-R-win32-x86_64\eclipse\plugins\org.eclipse.justj.openjdk.hotspot.jre.full.win32.x86_64_15.0.1.v20201027-0507\jre\bin\VCRUNTIME140.dll
0x00007ff902c90000 - 0x00007ff902f2b000 	C:\Windows\WinSxS\amd64_microsoft.windows.common-controls_6595b64144ccf1df_6.0.19041.488_none_ca04af081b815d21\COMCTL32.dll
0x00007ff911140000 - 0x00007ff9111de000 	C:\Windows\System32\msvcrt.dll
0x00007ff912ab0000 - 0x00007ff912ae0000 	C:\Windows\System32\IMM32.DLL
0x00007ff8fabd0000 - 0x00007ff8fabdc000 	C:\Users\lucas.almeida\Downloads\eclipse-jee-2020-12-R-win32-x86_64\eclipse\plugins\org.eclipse.justj.openjdk.hotspot.jre.full.win32.x86_64_15.0.1.v20201027-0507\jre\bin\vcruntime140_1.dll
0x00007ff8ff720000 - 0x00007ff8ff7b1000 	C:\Users\lucas.almeida\Downloads\eclipse-jee-2020-12-R-win32-x86_64\eclipse\plugins\org.eclipse.justj.openjdk.hotspot.jre.full.win32.x86_64_15.0.1.v20201027-0507\jre\bin\msvcp140.dll
0x00007ff8b7fe0000 - 0x00007ff8b8b3e000 	C:\Users\lucas.almeida\Downloads\eclipse-jee-2020-12-R-win32-x86_64\eclipse\plugins\org.eclipse.justj.openjdk.hotspot.jre.full.win32.x86_64_15.0.1.v20201027-0507\jre\bin\server\jvm.dll
0x00007ff911090000 - 0x00007ff91113c000 	C:\Windows\System32\ADVAPI32.dll
0x00007ff910ff0000 - 0x00007ff91108c000 	C:\Windows\System32\sechost.dll
0x00007ff911310000 - 0x00007ff91143b000 	C:\Windows\System32\RPCRT4.dll
0x00007ff912ce0000 - 0x00007ff912ce8000 	C:\Windows\System32\PSAPI.DLL
0x00007ff909930000 - 0x00007ff90993a000 	C:\Windows\SYSTEM32\VERSION.dll
0x00007ff8fd180000 - 0x00007ff8fd189000 	C:\Windows\SYSTEM32\WSOCK32.dll
0x00007ff9018e0000 - 0x00007ff901907000 	C:\Windows\SYSTEM32\WINMM.dll
0x00007ff912a40000 - 0x00007ff912aab000 	C:\Windows\System32\WS2_32.dll
0x00007ff90e300000 - 0x00007ff90e312000 	C:\Windows\SYSTEM32\kernel.appcore.dll
0x00007ff8f7cb0000 - 0x00007ff8f7cba000 	C:\Users\lucas.almeida\Downloads\eclipse-jee-2020-12-R-win32-x86_64\eclipse\plugins\org.eclipse.justj.openjdk.hotspot.jre.full.win32.x86_64_15.0.1.v20201027-0507\jre\bin\jimage.dll
0x00007ff9008b0000 - 0x00007ff900a94000 	C:\Windows\SYSTEM32\DBGHELP.DLL
0x00007ff901cd0000 - 0x00007ff901cfc000 	C:\Windows\SYSTEM32\dbgcore.DLL
0x00007ff9109b0000 - 0x00007ff910a30000 	C:\Windows\System32\bcryptPrimitives.dll
0x00007ff8ff860000 - 0x00007ff8ff899000 	C:\Users\lucas.almeida\Downloads\eclipse-jee-2020-12-R-win32-x86_64\eclipse\plugins\org.eclipse.justj.openjdk.hotspot.jre.full.win32.x86_64_15.0.1.v20201027-0507\jre\bin\jdwp.dll
0x00007ff90db60000 - 0x00007ff90db6e000 	C:\Users\lucas.almeida\Downloads\eclipse-jee-2020-12-R-win32-x86_64\eclipse\plugins\org.eclipse.justj.openjdk.hotspot.jre.full.win32.x86_64_15.0.1.v20201027-0507\jre\bin\instrument.dll
0x00007ff8eb690000 - 0x00007ff8eb6b5000 	C:\Users\lucas.almeida\Downloads\eclipse-jee-2020-12-R-win32-x86_64\eclipse\plugins\org.eclipse.justj.openjdk.hotspot.jre.full.win32.x86_64_15.0.1.v20201027-0507\jre\bin\java.dll
0x00007ff8eb4e0000 - 0x00007ff8eb4f8000 	C:\Users\lucas.almeida\Downloads\eclipse-jee-2020-12-R-win32-x86_64\eclipse\plugins\org.eclipse.justj.openjdk.hotspot.jre.full.win32.x86_64_15.0.1.v20201027-0507\jre\bin\zip.dll
0x00007ff9114a0000 - 0x00007ff911be2000 	C:\Windows\System32\SHELL32.dll
0x00007ff90e5e0000 - 0x00007ff90ed75000 	C:\Windows\SYSTEM32\windows.storage.dll
0x00007ff9126e0000 - 0x00007ff912a36000 	C:\Windows\System32\combase.dll
0x00007ff90fee0000 - 0x00007ff90ff0c000 	C:\Windows\SYSTEM32\Wldp.dll
0x00007ff910f40000 - 0x00007ff910fee000 	C:\Windows\System32\SHCORE.dll
0x00007ff911440000 - 0x00007ff911495000 	C:\Windows\System32\shlwapi.dll
0x00007ff9103a0000 - 0x00007ff9103c6000 	C:\Windows\SYSTEM32\profapi.dll
0x00007ff902230000 - 0x00007ff90223b000 	C:\Users\lucas.almeida\Downloads\eclipse-jee-2020-12-R-win32-x86_64\eclipse\plugins\org.eclipse.justj.openjdk.hotspot.jre.full.win32.x86_64_15.0.1.v20201027-0507\jre\bin\dt_socket.dll
0x00007ff90f900000 - 0x00007ff90f93b000 	C:\Windows\SYSTEM32\IPHLPAPI.DLL
0x00007ff90fc60000 - 0x00007ff90fcca000 	C:\Windows\system32\mswsock.dll
0x00007ff90f940000 - 0x00007ff90fa0b000 	C:\Windows\SYSTEM32\DNSAPI.dll
0x00007ff912530000 - 0x00007ff912538000 	C:\Windows\System32\NSI.dll
0x00007ff909bc0000 - 0x00007ff909bca000 	C:\Windows\System32\rasadhlp.dll
0x00007ff90c1b0000 - 0x00007ff90c22f000 	C:\Windows\System32\fwpuclnt.dll
0x00007ff910a90000 - 0x00007ff910ab7000 	C:\Windows\System32\bcrypt.dll
0x00007ff8eb4c0000 - 0x00007ff8eb4d9000 	C:\Users\lucas.almeida\Downloads\eclipse-jee-2020-12-R-win32-x86_64\eclipse\plugins\org.eclipse.justj.openjdk.hotspot.jre.full.win32.x86_64_15.0.1.v20201027-0507\jre\bin\net.dll
0x00007ff909e60000 - 0x00007ff909f60000 	C:\Windows\SYSTEM32\WINHTTP.dll
0x00007ff8e6a10000 - 0x00007ff8e6a22000 	C:\Users\lucas.almeida\Downloads\eclipse-jee-2020-12-R-win32-x86_64\eclipse\plugins\org.eclipse.justj.openjdk.hotspot.jre.full.win32.x86_64_15.0.1.v20201027-0507\jre\bin\nio.dll
0x00007ff8f76e0000 - 0x00007ff8f76f0000 	C:\Users\lucas.almeida\Downloads\eclipse-jee-2020-12-R-win32-x86_64\eclipse\plugins\org.eclipse.justj.openjdk.hotspot.jre.full.win32.x86_64_15.0.1.v20201027-0507\jre\bin\verify.dll

dbghelp: loaded successfully - version: 4.0.5 - missing functions: none
symbol engine: initialized successfully - sym options: 0x614 - pdb path: .;C:\Users\lucas.almeida\Downloads\eclipse-jee-2020-12-R-win32-x86_64\eclipse\plugins\org.eclipse.justj.openjdk.hotspot.jre.full.win32.x86_64_15.0.1.v20201027-0507\jre\bin;C:\Windows\SYSTEM32;C:\Windows\WinSxS\amd64_microsoft.windows.common-controls_6595b64144ccf1df_6.0.19041.488_none_ca04af081b815d21;C:\Users\lucas.almeida\Downloads\eclipse-jee-2020-12-R-win32-x86_64\eclipse\plugins\org.eclipse.justj.openjdk.hotspot.jre.full.win32.x86_64_15.0.1.v20201027-0507\jre\bin\server

VM Arguments:
jvm_args: -XX:+ShowCodeDetailsInExceptionMessages -agentlib:jdwp=transport=dt_socket,suspend=y,address=localhost:60118 -javaagent:C:\Users\lucas.almeida\Downloads\eclipse-jee-2020-12-R-win32-x86_64\eclipse\configuration\org.eclipse.osgi\405\0\.cp\lib\javaagent-shaded.jar -Dfile.encoding=Cp1252 
java_command: curso_programacao_repeticao.ex1
java_class_path (initial): C:\Users\lucas.almeida\eclipse-workspace\curso_programacao\bin
Launcher Type: SUN_STANDARD

[Global flags]
     intx CICompilerCount                          = 4                                         {product} {ergonomic}
     uint ConcGCThreads                            = 3                                         {product} {ergonomic}
     uint G1ConcRefinementThreads                  = 10                                        {product} {ergonomic}
   size_t G1HeapRegionSize                         = 2097152                                   {product} {ergonomic}
    uintx GCDrainStackTargetSize                   = 64                                        {product} {ergonomic}
   size_t InitialHeapSize                          = 266338304                                 {product} {ergonomic}
   size_t MarkStackSize                            = 4194304                                   {product} {ergonomic}
   size_t MaxHeapSize                              = 4244635648                                {product} {ergonomic}
   size_t MaxNewSize                               = 2545942528                                {product} {ergonomic}
   size_t MinHeapDeltaBytes                        = 2097152                                   {product} {ergonomic}
   size_t MinHeapSize                              = 8388608                                   {product} {ergonomic}
    uintx NonNMethodCodeHeapSize                   = 5839372                                {pd product} {ergonomic}
    uintx NonProfiledCodeHeapSize                  = 122909434                              {pd product} {ergonomic}
    uintx ProfiledCodeHeapSize                     = 122909434                              {pd product} {ergonomic}
    uintx ReservedCodeCacheSize                    = 251658240                              {pd product} {ergonomic}
     bool SegmentedCodeCache                       = true                                      {product} {ergonomic}
     bool ShowCodeDetailsInExceptionMessages       = true                                   {manageable} {command line}
   size_t SoftMaxHeapSize                          = 4244635648                             {manageable} {ergonomic}
     bool UseCompressedClassPointers               = true                                 {lp64_product} {ergonomic}
     bool UseCompressedOops                        = true                                 {lp64_product} {ergonomic}
     bool UseG1GC                                  = true                                      {product} {ergonomic}
     bool UseLargePagesIndividualAllocation        = false                                  {pd product} {ergonomic}

Logging:
Log output configuration:
 #0: stdout all=warning uptime,level,tags
 #1: stderr all=off uptime,level,tags

Environment Variables:
JAVA_HOME=C:\Program Files\Java\jdk-11.0.9
PATH=C:\Users\lucas.almeida\Downloads\eclipse-jee-2020-12-R-win32-x86_64\eclipse\plugins\org.eclipse.justj.openjdk.hotspot.jre.full.win32.x86_64_15.0.1.v20201027-0507\jre\bin;C:/Users/lucas.almeida/Downloads/eclipse-jee-2020-12-R-win32-x86_64/eclipse//plugins/org.eclipse.justj.openjdk.hotspot.jre.full.win32.x86_64_15.0.1.v20201027-0507/jre/bin/server;C:/Users/lucas.almeida/Downloads/eclipse-jee-2020-12-R-win32-x86_64/eclipse//plugins/org.eclipse.justj.openjdk.hotspot.jre.full.win32.x86_64_15.0.1.v20201027-0507/jre/bin;C:\Program Files\Common Files\Oracle\Java\javapath;C:\Windows\system32;C:\Windows;C:\Windows\System32\Wbem;C:\Windows\System32\WindowsPowerShell\v1.0\;C:\Windows\System32\OpenSSH\;C:\Program Files\TortoiseSVN\bin;C:\Program Files (x86)\NVIDIA Corporation\PhysX\Common;C:\Users\lucas.almeida\AppData\Local\Microsoft\WindowsApps;C:\Program Files\Java\jdk-11.0.9\bin;;C:\Users\lucas.almeida\Downloads\eclipse-jee-2020-12-R-win32-x86_64\eclipse;
USERNAME=lucas.almeida
OS=Windows_NT
PROCESSOR_IDENTIFIER=Intel64 Family 6 Model 158 Stepping 10, GenuineIntel



---------------  S Y S T E M  ---------------

OS:
 Windows 10 , 64 bit Build 19041 (10.0.19041.662)
OS uptime: 8 days 0:43 hours

CPU: total 12 (initial active 12) (6 cores per cpu, 2 threads per core) family 6 model 158 stepping 10 microcode 0xb4, cmov, cx8, fxsr, mmx, sse, sse2, sse3, ssse3, sse4.1, sse4.2, popcnt, vzeroupper, avx, avx2, aes, clmul, erms, rtm, 3dnowpref, lzcnt, ht, tsc, tscinvbit, bmi1, bmi2, adx, fma, clflush, clflushopt

Memory: 4k page, system-wide physical 16191M (9951M free)
TotalPageFile size 19135M (AvailPageFile size 9640M)
current process WorkingSet (physical memory assigned to process): 48M, peak: 50M
current process commit charge ("private bytes"): 347M, peak: 348M

vm_info: OpenJDK 64-Bit Server VM (15.0.1+9-18) for windows-amd64 JRE (15.0.1+9-18), built on Sep 15 2020 14:39:31 by "mach5one" with unknown MS VC++:1925

END.
